MapExplorer/app/build/intermediates/manifest_merge_blame_file/debug/manifest-merger-blame-debug-report.txt
1<?xml version="1.0" encoding="utf-8"?>
2<manifest xmlns:android="http://schemas.android.com/apk/res/android"
3    package="com.example.googlemaps"
4    android:versionCode="1"
5    android:versionName="1.0" >
6
7    <uses-sdk
8        android:minSdkVersion="21"
8-->src\main\AndroidManifest.xml
9        android:targetSdkVersion="32" />
9-->src\main\AndroidManifest.xml
10
11    <uses-permission android:name="android.permission.ACCESS_COARSE_LOCATION" />
11-->src\main\AndroidManifest.xml:5:5-6:68
11-->src\main\AndroidManifest.xml:6:9-65
12    <uses-permission android:name="android.permission.INTERNET" />
12-->src\main\AndroidManifest.xml:7:5-8:54
12-->src\main\AndroidManifest.xml:8:9-51
13    <uses-permission android:name="android.permission.ACCESS_FINE_LOCATION" />
13-->src\main\AndroidManifest.xml:9:5-10:66
13-->src\main\AndroidManifest.xml:10:9-63
14
15    <!-- Include required permissions for Google Maps API to run. -->
16    <uses-permission android:name="android.permission.ACCESS_NETWORK_STATE" />
16-->[com.google.android.gms:play-services-maps:18.1.0] AndroidManifest.xml:23:5-79
16-->[com.google.android.gms:play-services-maps:18.1.0] AndroidManifest.xml:23:22-76
17
18    <uses-feature
18-->[com.google.android.gms:play-services-maps:18.1.0] AndroidManifest.xml:26:5-28:35
19        android:glEsVersion="0x00020000"
19-->[com.google.android.gms:play-services-maps:18.1.0] AndroidManifest.xml:27:9-41
20        android:required="true" />
20-->[com.google.android.gms:play-services-maps:18.1.0] AndroidManifest.xml:28:9-32
21
22    <queries>
22-->[com.google.android.gms:play-services-maps:18.1.0] AndroidManifest.xml:30:5-34:15
23
24        <!-- Needs to be explicitly declared on Android R+ -->
25        <package android:name="com.google.android.apps.maps" />
25-->[com.google.android.gms:play-services-maps:18.1.0] AndroidManifest.xml:33:9-64
25-->[com.google.android.gms:play-services-maps:18.1.0] AndroidManifest.xml:33:18-61
26    </queries>
27
28    <permission
28-->[androidx.core:core:1.9.0] AndroidManifest.xml:22:5-24:47
29        android:name="com.example.googlemaps.DYNAMIC_RECEIVER_NOT_EXPORTED_PERMISSION"
29-->[androidx.core:core:1.9.0] AndroidManifest.xml:23:9-81
30        android:protectionLevel="signature" />
30-->[androidx.core:core:1.9.0] AndroidManifest.xml:24:9-44
31
32    <uses-permission android:name="com.example.googlemaps.DYNAMIC_RECEIVER_NOT_EXPORTED_PERMISSION" />
32-->[androidx.core:core:1.9.0] AndroidManifest.xml:26:5-97
32-->[androidx.core:core:1.9.0] AndroidManifest.xml:26:22-94
33
34    <application
34-->src\main\AndroidManifest.xml:12:5-38:19
35        android:allowBackup="true"
35-->src\main\AndroidManifest.xml:13:9-35
36        android:appComponentFactory="androidx.core.app.CoreComponentFactory"
36-->[androidx.core:core:1.9.0] AndroidManifest.xml:28:18-86
37        android:dataExtractionRules="@xml/data_extraction_rules"
37-->src\main\AndroidManifest.xml:14:9-65
38        android:debuggable="true"
39        android:fullBackupContent="@xml/backup_rules"
39-->src\main\AndroidManifest.xml:15:9-54
40        android:icon="@mipmap/ic_launcher"
40-->src\main\AndroidManifest.xml:16:9-43
41        android:label="@string/app_name"
41-->src\main\AndroidManifest.xml:17:9-41
42        android:roundIcon="@mipmap/ic_launcher_round"
42-->src\main\AndroidManifest.xml:18:9-54
43        android:supportsRtl="true"
43-->src\main\AndroidManifest.xml:19:9-35
44        android:testOnly="true"
45        android:theme="@style/Theme.GoogleMaps" >
45-->src\main\AndroidManifest.xml:20:9-48
46        <meta-data
46-->src\main\AndroidManifest.xml:22:9-24:71
47            android:name="com.google.android.geo.API_KEY"
47-->src\main\AndroidManifest.xml:23:13-58
48            android:value="AIzaSyDcDQZqvTm7Cvk_N04F3vt3f75tdPZ-EDg" />
48-->src\main\AndroidManifest.xml:24:13-68
49
50        <activity
50-->src\main\AndroidManifest.xml:25:9-37:20
51            android:name="com.example.googlemaps.MainActivity"
51-->src\main\AndroidManifest.xml:26:13-41
52            android:exported="true" >
52-->src\main\AndroidManifest.xml:27:13-36
53            <intent-filter>
53-->src\main\AndroidManifest.xml:28:13-32:29
54                <action android:name="android.intent.action.MAIN" />
54-->src\main\AndroidManifest.xml:29:17-69
54-->src\main\AndroidManifest.xml:29:25-66
55
56                <category android:name="android.intent.category.LAUNCHER" />
56-->src\main\AndroidManifest.xml:31:17-77
56-->src\main\AndroidManifest.xml:31:27-74
57            </intent-filter>
58
59            <meta-data
59-->src\main\AndroidManifest.xml:34:13-36:36
60                android:name="android.app.lib_name"
60-->src\main\AndroidManifest.xml:35:17-52
61                android:value="" />
61-->src\main\AndroidManifest.xml:36:17-33
62        </activity>
63        <!-- Needs to be explicitly declared on P+ -->
64        <uses-library
64-->[com.google.android.gms:play-services-maps:18.1.0] AndroidManifest.xml:39:9-41:40
65            android:name="org.apache.http.legacy"
65-->[com.google.android.gms:play-services-maps:18.1.0] AndroidManifest.xml:40:13-50
66            android:required="false" />
66-->[com.google.android.gms:play-services-maps:18.1.0] AndroidManifest.xml:41:13-37
67
68        <activity
68-->[com.google.android.gms:play-services-base:18.0.1] AndroidManifest.xml:20:9-22:45
69            android:name="com.google.android.gms.common.api.GoogleApiActivity"
69-->[com.google.android.gms:play-services-base:18.0.1] AndroidManifest.xml:20:19-85
70            android:exported="false"
70-->[com.google.android.gms:play-services-base:18.0.1] AndroidManifest.xml:22:19-43
71            android:theme="@android:style/Theme.Translucent.NoTitleBar" />
71-->[com.google.android.gms:play-services-base:18.0.1] AndroidManifest.xml:21:19-78
72
73        <meta-data
73-->[com.google.android.gms:play-services-basement:18.0.0] AndroidManifest.xml:21:9-23:69
74            android:name="com.google.android.gms.version"
74-->[com.google.android.gms:play-services-basement:18.0.0] AndroidManifest.xml:22:13-58
75            android:value="@integer/google_play_services_version" />
75-->[com.google.android.gms:play-services-basement:18.0.0] AndroidManifest.xml:23:13-66
76
77        <provider
77-->[androidx.emoji2:emoji2:1.2.0] AndroidManifest.xml:24:9-32:20
78            android:name="androidx.startup.InitializationProvider"
78-->[androidx.emoji2:emoji2:1.2.0] AndroidManifest.xml:25:13-67
79            android:authorities="com.example.googlemaps.androidx-startup"
79-->[androidx.emoji2:emoji2:1.2.0] AndroidManifest.xml:26:13-68
80            android:exported="false" >
80-->[androidx.emoji2:emoji2:1.2.0] AndroidManifest.xml:27:13-37
81            <meta-data
81-->[androidx.emoji2:emoji2:1.2.0] AndroidManifest.xml:29:13-31:52
82                android:name="androidx.emoji2.text.EmojiCompatInitializer"
82-->[androidx.emoji2:emoji2:1.2.0] AndroidManifest.xml:30:17-75
83                android:value="androidx.startup" />
83-->[androidx.emoji2:emoji2:1.2.0] AndroidManifest.xml:31:17-49
84            <meta-data
84-->[androidx.lifecycle:lifecycle-process:2.4.1] AndroidManifest.xml:31:13-33:52
85                android:name="androidx.lifecycle.ProcessLifecycleInitializer"
85-->[androidx.lifecycle:lifecycle-process:2.4.1] AndroidManifest.xml:32:17-78
86                android:value="androidx.startup" />
86-->[androidx.lifecycle:lifecycle-process:2.4.1] AndroidManifest.xml:33:17-49
87        </provider>
88    </application>
89
90</manifest>